<?xml version="1.0" encoding="UTF-8"?>
<!-- Generated by org.testng.reporters.JUnitReportReporter -->
<testsuite hostname="LAPTOP-TO7VA1SD" failures="0" tests="1" name="qaclickacademy.Mavenjava.ExtentReportsTest" time="9.997" errors="0" timestamp="2022-04-30T14:28:41 IST" skipped="0">
  <testcase classname="qaclickacademy.Mavenjava.ExtentReportsTest" name="initialDemo" time="9.997"/>
  <system-out/>
</testsuite> <!-- qaclickacademy.Mavenjava.ExtentReportsTest -->
