<?xml version="1.0" encoding="UTF-8"?>
<!-- Generated by org.testng.reporters.JUnitReportReporter -->
<testsuite hostname="LAPTOP-TO7VA1SD" failures="0" tests="2" name="qaclickacademy.Mavenjava.SeleniumTest" time="0.000" errors="0" timestamp="2022-04-20T21:13:53 IST" skipped="0">
  <testcase classname="qaclickacademy.Mavenjava.SeleniumTest" name="elementSuit" time="0.000"/>
  <system-out/>
  <testcase classname="qaclickacademy.Mavenjava.SeleniumTest" name="browserAutomation" time="0.000"/>
  <system-out/>
</testsuite> <!-- qaclickacademy.Mavenjava.SeleniumTest -->
